[2020-03-20 18:47:56,848] Starting new HTTPS connection (1): www.mohfw.gov.in:443
[2020-03-20 18:47:57,255] https://www.mohfw.gov.in:443 "GET / HTTP/1.1" 200 5759
[2020-03-20 18:47:57,295] Change for Andhra Pradesh: ['1', '0', '0', '0']->['3', '0', '0', '0']
[2020-03-20 18:47:57,295] NEW_STATE Chhattisgarh got corona virus: ['1', '0', '0', '0']
[2020-03-20 18:47:57,296] Change for Delhi: ['11', '1', '2', '1']->['16', '1', '5', '1']
[2020-03-20 18:47:57,296] NEW_STATE Gujarat got corona virus: ['5', '0', '0', '0']
[2020-03-20 18:47:57,296] Change for Karnataka: ['14', '0', '0', '1']->['15', '0', '1', '1']
[2020-03-20 18:47:57,296] Change for Kerala: ['25', '2', '3', '0']->['26', '2', '3', '0']
[2020-03-20 18:47:57,296] Change for Maharashtra: ['42', '3', '0', '1']->['49', '3', '0', '1']
[2020-03-20 18:47:57,296] Change for Odisha: ['1', '0', '0', '0']->['2', '0', '0', '0']
[2020-03-20 18:47:57,296] NEW_STATE Puducherry got corona virus: ['1', '0', '0', '0']
[2020-03-20 18:47:57,296] Change for Punjab: ['1', '0', '0', '0']->['2', '0', '0', '1']
[2020-03-20 18:47:57,296] Change for Rajasthan: ['5', '2', '3', '0']->['15', '2', '3', '0']
[2020-03-20 18:47:57,297] Change for Tamil Nadu: ['2', '0', '1', '0']->['3', '0', '1', '0']
[2020-03-20 18:47:57,297] Change for Telengana: ['4', '2', '1', '0']->['8', '9', '1', '0']
[2020-03-20 18:47:57,297] Change for Union Territory of Ladakh: ['8', '0', '0', '0']->['10', '0', '0', '0']
[2020-03-20 18:47:57,297] Change for Uttar Pradesh: ['16', '1', '5', '0']->['22', '1', '9', '0']
[2020-03-20 18:47:57,297] Change for Uttarakhand: ['1', '0', '0', '0']->['3', '0', '0', '0']
[2020-03-20 18:47:57,297] Change for West Bengal: ['1', '0', '0', '0']->['2', '0', '0', '0']
[2020-03-20 18:47:57,297] Change for Total number of confirmed cases in India: ['141', '25', '15', '3']->['191', '32', '23', '4']
[2020-03-20 19:28:22,162] Starting new HTTPS connection (1): www.mohfw.gov.in:443
[2020-03-20 19:28:22,572] https://www.mohfw.gov.in:443 "GET / HTTP/1.1" 200 5803
[2020-03-20 19:36:27,350] Starting new HTTPS connection (1): www.mohfw.gov.in:443
[2020-03-20 19:36:28,092] https://www.mohfw.gov.in:443 "GET / HTTP/1.1" 200 5803
[2020-03-20 20:00:37,065] Starting new HTTPS connection (1): www.mohfw.gov.in:443
[2020-03-20 20:00:37,580] https://www.mohfw.gov.in:443 "GET / HTTP/1.1" 200 5803
[2020-03-20 20:01:04,353] Starting new HTTPS connection (1): www.mohfw.gov.in:443
[2020-03-20 20:01:04,909] https://www.mohfw.gov.in:443 "GET / HTTP/1.1" 200 5803
[2020-03-20 20:01:44,309] Starting new HTTPS connection (1): www.mohfw.gov.in:443
[2020-03-20 20:01:44,797] https://www.mohfw.gov.in:443 "GET / HTTP/1.1" 200 5803
[2020-03-20 20:02:11,828] Starting new HTTPS connection (1): www.mohfw.gov.in:443
[2020-03-20 20:02:12,359] https://www.mohfw.gov.in:443 "GET / HTTP/1.1" 200 5803
[2020-03-20 20:03:00,153] Starting new HTTPS connection (1): www.mohfw.gov.in:443
[2020-03-20 20:03:00,559] https://www.mohfw.gov.in:443 "GET / HTTP/1.1" 200 5803
[2020-03-20 20:05:55,719] Starting new HTTPS connection (1): www.mohfw.gov.in:443
[2020-03-20 20:05:56,183] https://www.mohfw.gov.in:443 "GET / HTTP/1.1" 200 5882
[2020-03-20 20:08:49,545] Starting new HTTPS connection (1): www.mohfw.gov.in:443
[2020-03-20 20:08:50,082] https://www.mohfw.gov.in:443 "GET / HTTP/1.1" 200 5882
[2020-03-20 20:09:30,775] Starting new HTTPS connection (1): www.mohfw.gov.in:443
[2020-03-20 20:09:31,227] https://www.mohfw.gov.in:443 "GET / HTTP/1.1" 200 5882
[2020-03-20 20:10:19,436] Starting new HTTPS connection (1): www.mohfw.gov.in:443
[2020-03-20 20:10:19,871] https://www.mohfw.gov.in:443 "GET / HTTP/1.1" 200 5882
[2020-03-20 20:11:55,644] Starting new HTTPS connection (1): www.mohfw.gov.in:443
[2020-03-20 20:11:56,206] https://www.mohfw.gov.in:443 "GET / HTTP/1.1" 200 5882
[2020-03-20 20:12:57,396] Starting new HTTPS connection (1): www.mohfw.gov.in:443
[2020-03-20 20:12:57,751] https://www.mohfw.gov.in:443 "GET / HTTP/1.1" 200 5882
[2020-03-20 20:12:57,831] Starting new HTTPS connection (1): outlook.office.com:443
[2020-03-20 20:12:59,167] https://outlook.office.com:443 "POST /webhook/URL HTTP/1.1" 200 None
[2020-03-20 20:32:37,135] Starting new HTTPS connection (1): www.mohfw.gov.in:443
[2020-03-20 20:32:38,071] https://www.mohfw.gov.in:443 "GET / HTTP/1.1" 200 5932
[2020-03-20 20:32:38,153] Starting new HTTPS connection (1): outlook.office.com:443
[2020-03-20 20:32:39,777] https://outlook.office.com:443 "POST /webhook/URL HTTP/1.1" 200 None
[2020-03-20 20:34:52,053] Starting new HTTPS connection (1): www.mohfw.gov.in:443
[2020-03-20 20:34:52,512] https://www.mohfw.gov.in:443 "GET / HTTP/1.1" 200 5932
[2020-03-20 20:46:14,839] Starting new HTTPS connection (1): www.mohfw.gov.in:443
[2020-03-20 20:46:15,260] https://www.mohfw.gov.in:443 "GET / HTTP/1.1" 200 5932
[2020-03-20 20:52:40,366] Starting new HTTPS connection (1): www.mohfw.gov.in:443
[2020-03-20 20:52:40,894] https://www.mohfw.gov.in:443 "GET / HTTP/1.1" 200 5932
[2020-03-20 20:52:40,999] Starting new HTTPS connection (1): outlook.office.com:443
[2020-03-20 20:52:42,422] https://outlook.office.com:443 "POST /webhook/URL HTTP/1.1" 200 None
[2020-03-20 20:54:06,568] Starting new HTTPS connection (1): www.mohfw.gov.in:443
[2020-03-20 20:54:07,217] https://www.mohfw.gov.in:443 "GET / HTTP/1.1" 200 5932
[2020-03-20 20:54:07,326] Starting new HTTPS connection (1): outlook.office.com:443
[2020-03-20 20:54:09,256] https://outlook.office.com:443 "POST /webhook/URL HTTP/1.1" 200 None
[2020-03-20 20:54:55,356] Starting new HTTPS connection (1): www.mohfw.gov.in:443
[2020-03-20 20:54:55,759] https://www.mohfw.gov.in:443 "GET / HTTP/1.1" 200 5932
[2020-03-20 20:54:55,809] oops, corono script failed.
Traceback (most recent call last):
  File "/Users/animeshhome/Desktop/100DaysOfCode/coronabot.py", line 107, in <module>
    myTeamsMessage.html(teams_text)
AttributeError: 'connectorcard' object has no attribute 'html'
[2020-03-20 21:00:45,817] Starting new HTTPS connection (1): www.mohfw.gov.in:443
[2020-03-20 21:00:46,246] https://www.mohfw.gov.in:443 "GET / HTTP/1.1" 200 5932
[2020-03-20 21:00:46,297] oops, corono script failed.
Traceback (most recent call last):
  File "/Users/animeshhome/Desktop/100DaysOfCode/coronabot.py", line 107, in <module>
    myTeamsMessage.html(teams_text)
AttributeError: 'connectorcard' object has no attribute 'html'
[2020-03-20 21:07:38,008] Starting new HTTPS connection (1): www.mohfw.gov.in:443
[2020-03-20 21:07:38,931] https://www.mohfw.gov.in:443 "GET / HTTP/1.1" 200 5932
[2020-03-20 21:07:38,996] oops, corono script failed.
Traceback (most recent call last):
  File "/Users/animeshhome/Desktop/100DaysOfCode/coronabot.py", line 107, in <module>
    myTeamsMessage.html(table)
AttributeError: 'connectorcard' object has no attribute 'html'
[2020-03-20 21:13:26,664] Starting new HTTPS connection (1): www.mohfw.gov.in:443
[2020-03-20 21:13:27,238] https://www.mohfw.gov.in:443 "GET / HTTP/1.1" 200 5932
[2020-03-20 21:13:27,290] oops, corono script failed.
Traceback (most recent call last):
  File "/Users/animeshhome/Desktop/100DaysOfCode/coronabot.py", line 107, in <module>
    myTeamsMessage.html(table)
AttributeError: 'connectorcard' object has no attribute 'html'
[2020-03-20 21:19:38,577] Starting new HTTPS connection (1): www.mohfw.gov.in:443
[2020-03-20 21:19:39,717] https://www.mohfw.gov.in:443 "GET / HTTP/1.1" 200 5932
[2020-03-20 21:19:39,781] oops, corono script failed.
Traceback (most recent call last):
  File "/Users/animeshhome/Desktop/100DaysOfCode/coronabot.py", line 107, in <module>
    myTeamsMessage.html(table)
AttributeError: 'connectorcard' object has no attribute 'html'
[2020-03-20 22:07:09,498] Starting new HTTPS connection (1): www.mohfw.gov.in:443
[2020-03-20 22:07:16,252] https://www.mohfw.gov.in:443 "GET / HTTP/1.1" 200 5932
[2020-03-20 22:07:17,277] Starting new HTTPS connection (1): outlook.office.com:443
[2020-03-20 22:07:27,546] https://outlook.office.com:443 "POST /webhook/URL HTTP/1.1" 200 None
[2020-03-20 22:22:09,484] Starting new HTTPS connection (1): www.mohfw.gov.in:443
[2020-03-20 22:22:10,052] https://www.mohfw.gov.in:443 "GET / HTTP/1.1" 200 5932
[2020-03-20 22:22:10,141] Starting new HTTPS connection (1): outlook.office.com:443
[2020-03-20 22:22:12,767] https://outlook.office.com:443 "POST /webhook/URL HTTP/1.1" 200 None
[2020-03-20 22:24:25,213] Starting new HTTPS connection (1): www.mohfw.gov.in:443
[2020-03-20 22:24:25,879] https://www.mohfw.gov.in:443 "GET / HTTP/1.1" 200 5932
[2020-03-20 22:24:26,104] Starting new HTTPS connection (1): outlook.office.com:443
[2020-03-20 22:24:27,744] https://outlook.office.com:443 "POST /webhook/URL HTTP/1.1" 200 None
[2020-03-20 22:25:37,710] Starting new HTTPS connection (1): www.mohfw.gov.in:443
[2020-03-20 22:25:38,188] https://www.mohfw.gov.in:443 "GET / HTTP/1.1" 200 5932
[2020-03-20 22:25:38,300] Starting new HTTPS connection (1): outlook.office.com:443
[2020-03-20 22:25:39,814] https://outlook.office.com:443 "POST /webhook/URL HTTP/1.1" 200 None
[2020-03-20 22:28:37,217] Starting new HTTPS connection (1): www.mohfw.gov.in:443
[2020-03-20 22:28:37,730] https://www.mohfw.gov.in:443 "GET / HTTP/1.1" 200 5932
[2020-03-20 22:28:37,854] Starting new HTTPS connection (1): outlook.office.com:443
[2020-03-20 22:28:39,213] https://outlook.office.com:443 "POST /webhook/URL HTTP/1.1" 200 None
[2020-03-20 22:29:37,203] Starting new HTTPS connection (1): www.mohfw.gov.in:443
[2020-03-20 22:29:37,787] https://www.mohfw.gov.in:443 "GET / HTTP/1.1" 200 5932
[2020-03-20 22:29:58,921] Starting new HTTPS connection (1): www.mohfw.gov.in:443
[2020-03-20 22:29:59,357] https://www.mohfw.gov.in:443 "GET / HTTP/1.1" 200 5932
[2020-03-20 22:34:37,995] Starting new HTTPS connection (1): www.mohfw.gov.in:443
[2020-03-20 22:34:38,704] https://www.mohfw.gov.in:443 "GET / HTTP/1.1" 200 5932
[2020-03-20 22:41:01,840] Starting new HTTPS connection (1): www.mohfw.gov.in:443
[2020-03-20 22:41:02,420] https://www.mohfw.gov.in:443 "GET / HTTP/1.1" 200 5932
[2020-03-20 22:41:55,860] Starting new HTTPS connection (1): www.mohfw.gov.in:443
[2020-03-20 22:41:56,819] https://www.mohfw.gov.in:443 "GET / HTTP/1.1" 200 5932
[2020-03-20 22:41:57,010] Starting new HTTPS connection (1): outlook.office.com:443
[2020-03-20 22:41:58,753] https://outlook.office.com:443 "POST /webhook/URL HTTP/1.1" 200 None
[2020-03-21 13:26:17,215] Starting new HTTPS connection (1): www.mohfw.gov.in:443
[2020-03-21 13:26:18,844] https://www.mohfw.gov.in:443 "GET / HTTP/1.1" 200 6008
[2020-03-21 13:26:18,905] Change for Delhi: ['16', '1', '5', '1']->['25', '1', '5', '1']
[2020-03-21 13:26:18,905] Change for Gujarat: ['5', '0', '0', '0']->['7', '0', '0', '0']
[2020-03-21 13:26:18,905] NEW_STATE Himachal Pradesh got corona virus: ['2', '0', '0', '0']
[2020-03-21 13:26:18,905] Change for Kerala: ['26', '2', '3', '0']->['33', '7', '3', '0']
[2020-03-21 13:26:18,905] NEW_STATE Madhya Pradesh got corona virus: ['4', '0', '0', '0']
[2020-03-21 13:26:18,906] Change for Telengana: ['8', '9', '1', '0']->['8', '11', '1', '0']
[2020-03-21 13:26:18,906] NEW_STATE Chandigarh got corona virus: ['1', '0', '0', '0']
[2020-03-21 13:26:18,906] NEW_STATE Jammu and Kashmir got corona virus: ['4', '0', '0', '0']
[2020-03-21 13:26:18,906] NEW_STATE Ladakh got corona virus: ['13', '0', '0', '0']
[2020-03-21 13:26:18,906] Change for Uttar Pradesh: ['22', '1', '9', '0']->['23', '1', '9', '0']
[2020-03-21 13:26:18,906] Change for Total number of confirmed cases in India: ['191', '32', '23', '4']->['219', '39', '23', '4']
[2020-03-21 13:27:29,587] Starting new HTTPS connection (1): www.mohfw.gov.in:443
[2020-03-21 13:27:31,275] https://www.mohfw.gov.in:443 "GET / HTTP/1.1" 200 6008
[2020-03-21 13:27:31,318] Change for Delhi: ['16', '1', '5', '1']->['25', '1', '5', '1']
[2020-03-21 13:27:31,318] Change for Gujarat: ['5', '0', '0', '0']->['7', '0', '0', '0']
[2020-03-21 13:27:31,318] NEW_STATE Himachal Pradesh got corona virus: ['2', '0', '0', '0']
[2020-03-21 13:27:31,319] Change for Kerala: ['26', '2', '3', '0']->['33', '7', '3', '0']
[2020-03-21 13:27:31,319] NEW_STATE Madhya Pradesh got corona virus: ['4', '0', '0', '0']
[2020-03-21 13:27:31,319] Change for Telengana: ['8', '9', '1', '0']->['8', '11', '1', '0']
[2020-03-21 13:27:31,319] NEW_STATE Chandigarh got corona virus: ['1', '0', '0', '0']
[2020-03-21 13:27:31,319] NEW_STATE Jammu and Kashmir got corona virus: ['4', '0', '0', '0']
[2020-03-21 13:27:31,319] NEW_STATE Ladakh got corona virus: ['13', '0', '0', '0']
[2020-03-21 13:27:31,319] Change for Uttar Pradesh: ['22', '1', '9', '0']->['23', '1', '9', '0']
[2020-03-21 13:27:31,319] Change for Total number of confirmed cases in India: ['191', '32', '23', '4']->['219', '39', '23', '4']
[2020-03-21 13:27:31,336] Starting new HTTPS connection (1): outlook.office.com:443
[2020-03-21 13:27:36,815] https://outlook.office.com:443 "POST /webhook/URL HTTP/1.1" 200 None
[2020-03-22 08:44:35,741] Starting new HTTPS connection (1): www.mohfw.gov.in:443
[2020-03-22 08:44:38,250] https://www.mohfw.gov.in:443 "GET / HTTP/1.1" 200 4933
[2020-03-22 08:44:38,292] NEW_STATE Notification of ICMR guidelines for COVID-19 testing in private laboratories in India  got corona virus: []
[2020-03-22 08:44:38,292] NEW_STATE  Revised Guidelines/Strategy for COVID-19 testing by Indian Council of Medical Research (ICMR) got corona virus: []
[2020-03-22 08:44:38,292] NEW_STATE SOP for Mock Drill on 22nd March 2020 for Hospital Preparedness  got corona virus: []
[2020-03-22 08:44:38,293] Change for Maharashtra: ['49', '3', '0', '1']->['60', '3', '0', '1']
[2020-03-22 08:44:38,293] Change for Punjab: ['2', '0', '0', '1']->['13', '0', '0', '1']
[2020-03-22 08:44:38,293] Change for Telengana: ['8', '11', '1', '0']->['10', '11', '1', '0']
[2020-03-22 08:44:38,293] Change for West Bengal: ['2', '0', '0', '0']->['3', '0', '0', '0']
[2020-03-22 08:44:38,293] Change for Total number of confirmed cases in India: ['219', '39', '23', '4']->['244*', '39*', '23', '4']
[2020-03-22 08:44:38,627] Starting new HTTPS connection (1): outlook.office.com:443
[2020-03-22 08:44:44,176] https://outlook.office.com:443 "POST /webhook/URL HTTP/1.1" 200 None
